<?xml version="1.0" encoding="UTF-8"?>
<!-- Generated by org.testng.reporters.JUnitReportReporter -->
<testsuite hostname="DESKTOP-22LJLTB" failures="0" tests="1" name="TestNG.ExceptionTimeoutTest" time="0.012" errors="0" timestamp="2021-11-29T15:33:59 IST" skipped="0">
  <testcase classname="TestNG.ExceptionTimeoutTest" name="test1" time="0.012"/>
  <system-out/>
</testsuite> <!-- TestNG.ExceptionTimeoutTest -->
