<?xml version="1.0" encoding="UTF-8"?>
<!-- Generated by org.testng.reporters.JUnitReportReporter -->
<testsuite hostname="DESKTOP-22LJLTB" failures="0" tests="10" name="TestNG.InvocationCountTest" time="0.045" errors="0" timestamp="2021-11-29T13:57:50 IST" skipped="0">
  <testcase classname="TestNG.InvocationCountTest" name="sum" time="0.002"/>
  <system-out/>
  <testcase classname="TestNG.InvocationCountTest" name="sum" time="0.002"/>
  <system-out/>
  <testcase classname="TestNG.InvocationCountTest" name="sum" time="0.004"/>
  <system-out/>
  <testcase classname="TestNG.InvocationCountTest" name="sum" time="0.006"/>
  <system-out/>
  <testcase classname="TestNG.InvocationCountTest" name="sum" time="0.002"/>
  <system-out/>
  <testcase classname="TestNG.InvocationCountTest" name="sum" time="0.012"/>
  <system-out/>
  <testcase classname="TestNG.InvocationCountTest" name="sum" time="0.003"/>
  <system-out/>
  <testcase classname="TestNG.InvocationCountTest" name="sum" time="0.006"/>
  <system-out/>
  <testcase classname="TestNG.InvocationCountTest" name="sum" time="0.003"/>
  <system-out/>
  <testcase classname="TestNG.InvocationCountTest" name="sum" time="0.005"/>
  <system-out/>
</testsuite> <!-- TestNG.InvocationCountTest -->
