<?xml version="1.0" encoding="UTF-8"?>
<!-- Generated by org.testng.reporters.JUnitReportReporter -->
<testsuite hostname="DESKTOP-22LJLTB" failures="0" tests="4" name="TestNG.TestNGFeatures" time="0.046" errors="0" timestamp="2021-11-29T13:51:49 IST" skipped="0">
  <testcase classname="TestNG.TestNGFeatures" name="SearchPageTest" time="0.013"/>
  <system-out/>
  <testcase classname="TestNG.TestNGFeatures" name="RegPageTest" time="0.009"/>
  <system-out/>
  <testcase classname="TestNG.TestNGFeatures" name="HomePageTest" time="0.009"/>
  <system-out/>
  <testcase classname="TestNG.TestNGFeatures" name="LoginTest" time="0.015"/>
  <system-out/>
</testsuite> <!-- TestNG.TestNGFeatures -->
